 Process in group number            2
 A PDF is used, so alpha_s(MZ) is going to be modified
 Old value of alpha_s from param_card:   0.11799999999999999     
  ****************************************
 
       NNPDFDriver version 1.0.3
   Grid: NNPDF23_lo_as_0130_qed_mem0.grid
  ****************************************
 New value of alpha_s from PDF nn23lo1:  0.13000000000000000     
 Define smin to   225.00000000000000     
 *****************************************************
 *               MadGraph/MadEvent                   *
 *        --------------------------------           *
 *          http://madgraph.hep.uiuc.edu             *
 *          http://madgraph.phys.ucl.ac.be           *
 *          http://madgraph.roma2.infn.it            *
 *        --------------------------------           *
 *                                                   *
 *          PARAMETER AND COUPLING VALUES            *
 *                                                   *
 *****************************************************

  External Params
  ---------------------------------
  
 aEWM1 =    132.50700000000001     
 mdl_Gf =    1.1663900000000000E-005
 aS =   0.11799999999999999     
 mdl_ymb =    4.2000000000000002     
 mdl_ymt =    164.50000000000000     
 mdl_ymtau =    1.7769999999999999     
 mdl_MT =    173.00000000000000     
 mdl_MB =   0.10000000000000001     
 mdl_MZ =    91.188000000000002     
 mdl_MH =    125.00000000000000     
 mdl_MTA =    1.7769999999999999     
 mdl_MP =    125.00010000000000     
 mdl_WT =    1.4915000000000000     
 mdl_WZ =    2.4414039999999999     
 mdl_WW =    2.0476000000000001     
 mdl_WH =    6.3823389999999999E-003
 mdl_WH1 =    6.3823389999999999E-003
  Internal Params
  ---------------------------------
  
 mdl_conjg__CKM3x3 =    1.0000000000000000     
 mdl_complexi =  (  0.0000000000000000     ,  1.0000000000000000     )
 mdl_MZ__exp__2 =    8315.2513440000002     
 mdl_MZ__exp__4 =    69143404.913893804     
 mdl_sqrt__2 =    1.4142135623730951     
 mdl_MH__exp__4 =    244140625.00000000     
 mdl_MT__exp__4 =    895745041.00000000     
 mdl_MH__exp__2 =    15625.000000000000     
 mdl_MT__exp__2 =    29929.000000000000     
 mdl_MH__exp__12 =    1.4551915228366852E+025
 mdl_MH__exp__10 =    9.3132257461547853E+020
 mdl_MH__exp__8 =    59604644775390624.     
 mdl_MH__exp__6 =    3814697265625.0000     
 mdl_MT__exp__6 =    26808753332089.000     
 mdl_aEW =    7.5467711139788835E-003
 mdl_MW =    80.419002445756163     
 mdl_sqrt__aEW =    8.6872153846781555E-002
 mdl_ee =   0.30795376724436879     
 mdl_MW__exp__2 =    6467.2159543705357     
 mdl_sw2 =   0.22224648578577766     
 mdl_cw =   0.88190334743339216     
 mdl_sqrt__sw2 =   0.47143025548407230     
 mdl_sw =   0.47143025548407230     
 mdl_g1 =   0.34919219678733299     
 mdl_gw =   0.65323293034757990     
 mdl_v =    246.21845810181637     
 mdl_ee__exp__2 =    9.4835522759998875E-002
 mdl_MW__exp__12 =    7.3165135181362573E+022
 mdl_MW__exp__10 =    1.1313235200058173E+019
 mdl_MW__exp__8 =    1749320771082757.2     
 mdl_MW__exp__6 =    270490545456.51419     
 mdl_MW__exp__4 =    41824882.200464800     
 mdl_AH =    3.1606819475643554E-005
 mdl_v__exp__2 =    60623.529110035903     
 mdl_lam =   0.12886910601690263     
 mdl_yb =    2.4123686777011714E-002
 mdl_yt =   0.94484439876629200     
 mdl_ytau =    1.0206617000654717E-002
 mdl_muH =    88.388347648318430     
 mdl_gw__exp__2 =   0.42671326129048615     
 mdl_cw__exp__2 =   0.77775351421422245     
 mdl_sw__exp__2 =   0.22224648578577769     
  Internal Params evaluated point by point
  ----------------------------------------
  
 mdl_sqrt__aS =   0.34351128074635334     
 mdl_G__exp__2 =    1.4828317324943823     
 mdl_GH =   -5.2486599934244080E-005
 mdl_Gphi =   -7.9843646768522597E-005
  Couplings of heft
  ---------------------------------
  
        GC_10 =  -0.12177E+01   0.00000E+00
        GC_11 =   0.00000E+00   0.12177E+01
        GC_13 =   0.00000E+00   0.52487E-04
        GC_14 =   0.63914E-04   0.00000E+00
        GC_74 =  -0.00000E+00  -0.17058E-01

 Collider parameters:
 --------------------

 Running at P P   machine @    13000.000000000000       GeV
 PDF set = nn23lo1
 alpha_s(Mz)= 0.1300 running at 2 loops.
 alpha_s(Mz)= 0.1300 running at 2 loops.
 Renormalization scale set on event-by-event basis
 Factorization   scale set on event-by-event basis


 getting user params
Enter number of events and max and min iterations: 
 Number of events and iterations         1000           5           3
Enter desired fractional accuracy: 
 Desired fractional accuracy:   0.10000000000000001     
Enter 0 for fixed, 2 for adjustable grid: 
Suppress amplitude (0 no, 1 yes)? 
 Using suppressed amplitude.
Exact helicity sum (0 yes, n = number/event)? 
 Explicitly summing over helicities
Enter Configuration Number: 
Running Configuration Number:    1
 Not subdividing B.W.
 Attempting mappinvarients           1           5
 Completed mapping           5
 about to integrate            7        1000           5           3           7           1
 Using non-zero grid deformation.
  7 dimensions   1000 events  7 invarients  5 iterations  1 config(s),  (0.99)
 Using h-tuple random number sequence.
 Error opening grid
 Using Uniform Grid!          20
 Using uniform alpha   1.0000000000000000     
 Grid defined OK
 Set CM energy to      13000.00
 Mapping Graph           1  to config           1
 Setting BW          -1           1   125.00000000000000     
Setting grid   2    0.13314E-05   1
 Transforming s_hat 1/s            6   1.1581777125092606E-004   225.00000000000000        168999999.99999997     
   1   1   2   3   4   5   6   7
 Masses: 0.000E+00 0.000E+00 0.100E+00 0.100E+00 0.000E+00
Using random seed offsets     1 :      3
  with seed                   24
 Ranmar initialization seeds       31059        9400
 
 ********************************************
 * You are using the DiscreteSampler module *
 *      part of the MG5_aMC framework       *
 *         Author: Valentin Hirschi         *
 ********************************************
 
  Particle       3       4       5
      Et >     0.0     0.0    15.0
       E >     0.0     0.0     0.0
     Eta <    -1.0    -1.0     5.0
   xqcut:      0.0     0.0     0.0
d R # 3  >    -0.0     0.0     0.0
d R # 4  >    -0.0    -0.0     0.0
s min # 3>     0.0     0.0     0.0
s min # 4>     0.0     0.0     0.0
xqcutij # 3>     0.0     0.0     0.0
xqcutij # 4>     0.0     0.0     0.0
 No cut BW           -1           1
 alpha_s for scale    128.92209284653720       is   0.12290639486640734     
 Added good helicity            2   4.3911856719422798E-008  in event            1 local:           1
 Added good helicity            4   1.8329040751536594       in event            1 local:           1
 Added good helicity            6   1.8329040751536594       in event            1 local:           1
 Added good helicity            8   4.3911856719422785E-008  in event            1 local:           1
 Added good helicity            9   1.4774838895370376E-007  in event            1 local:           1
 Added good helicity           11   6.1670957331860947       in event            1 local:           1
 Added good helicity           13   6.1670957331860938       in event            1 local:           1
 Added good helicity           15   1.4774838895370360E-007  in event            1 local:           1
 Added good helicity           18   1.4774838895370374E-007  in event            1 local:           1
 Added good helicity           20   6.1670957331860947       in event            1 local:           1
 Added good helicity           22   6.1670957331860929       in event            1 local:           1
 Added good helicity           24   1.4774838895370360E-007  in event            1 local:           1
 Added good helicity           25   4.3911856719422792E-008  in event            1 local:           1
 Added good helicity           27   1.8329040751536594       in event            1 local:           1
 Added good helicity           29   1.8329040751536594       in event            1 local:           1
 Added good helicity           31   4.3911856719422785E-008  in event            1 local:           1
 Added good helicity            2   4.3911856719422851E-008  in event            1 local:           1
 Added good helicity            4   1.8329040751536596       in event            1 local:           1
 Added good helicity            6   1.8329040751536607       in event            1 local:           1
 Added good helicity            8   4.3911856719422845E-008  in event            1 local:           1
 Added good helicity            9   1.4774838895370389E-007  in event            1 local:           1
 Added good helicity           11   6.1670957331860956       in event            1 local:           1
 Added good helicity           13   6.1670957331860956       in event            1 local:           1
 Added good helicity           15   1.4774838895370389E-007  in event            1 local:           1
 Added good helicity           18   1.4774838895370389E-007  in event            1 local:           1
 Added good helicity           20   6.1670957331860929       in event            1 local:           1
 Added good helicity           22   6.1670957331860947       in event            1 local:           1
 Added good helicity           24   1.4774838895370387E-007  in event            1 local:           1
 Added good helicity           25   4.3911856719422858E-008  in event            1 local:           1
 Added good helicity           27   1.8329040751536603       in event            1 local:           1
 Added good helicity           29   1.8329040751536598       in event            1 local:           1
 Added good helicity           31   4.3911856719422851E-008  in event            1 local:           1
 RESET CUMULATIVE VARIABLE
 RESET CUMULATIVE VARIABLE
 RESET CUMULATIVE VARIABLE
 Iteration  1   Mean: 0.1810E+01 Abs mean: 0.1810E+01   Fluctuation:  0.818E-01   0.144E+02    63.4%
  1    0.1810E+01 0.1810E+01 +- 0.8182E-01      1.43
 Writing out events   5.7086325868481577E-004   1.4295701003722534     
 Relative summed weights:
  0.5211E+00  0.4789E+00
 Relative number of events:
  0.5096E+00  0.4904E+00
 Events:
         529         509
 Iteration  2   Mean: 0.1819E+01 Abs mean: 0.1819E+01   Fluctuation:  0.377E-01   0.676E+01    75.6%
  2    0.1819E+01 0.1819E+01 +- 0.3766E-01      0.93
 Relative summed weights:
  0.4827E+00  0.5173E+00
 Relative number of events:
  0.4945E+00  0.5055E+00
 Events:
         989        1011
 Iteration  3   Mean: 0.1808E+01 Abs mean: 0.1808E+01   Fluctuation:  0.241E-01   0.359E+02    77.6%
  3    0.1808E+01 0.1808E+01 +- 0.2405E-01      0.84
 Relative summed weights:
  0.4943E+00  0.5057E+00
 Relative number of events:
  0.4980E+00  0.5020E+00
 Events:
        1992        2008
 Accuracy:    0.002   0.100   0.011   0.031
 Finished due to accuracy    1.9003266863630930E-003  0.10000000000000001     

 -------------------------------------------------------------------------------
 Accumulated results:   Integral =  0.1811E+01
                        Std dev  =  0.1968E-01
                       Cross sec =  0.1811E+01
             Chi**2 per DoF.     =      0.0306
 -------------------------------------------------------------------------------
 Found          492  events.
 Wrote          489  events.
 Actual xsec    1.8112845194160849     
 Correct abs xsec    1.8112845194160849     
 Event xsec    1.8112845194160634     
 Events wgts > 1:            2
 % Cross section > 1:    7.9366519751021582E-003  0.43817809350354525     
-------------------------------------------------
---------------------------
 Results Last   3 iters: Integral =   0.1811E+01
                     Abs integral =   0.1811E+01
                          Std dev =   0.1968E-01
                  Chi**2 per DoF. =      0.0304
-------------------------------------------------
---------------------------
 Status  0.10000000000000001                4           5

ls status:
events.lhe
ftn26
input_app.txt
results.dat
run1_app.log
