 Process in group number            1
 A PDF is used, so alpha_s(MZ) is going to be modified
 Old value of alpha_s from param_card:   0.11799999999999999     
  ****************************************
 
       NNPDFDriver version 1.0.3
   Grid: NNPDF23_lo_as_0130_qed_mem0.grid
  ****************************************
 New value of alpha_s from PDF nn23lo1:  0.13000000000000000     
 Define smin to   225.00000000000000     
 *****************************************************
 *               MadGraph/MadEvent                   *
 *        --------------------------------           *
 *          http://madgraph.hep.uiuc.edu             *
 *          http://madgraph.phys.ucl.ac.be           *
 *          http://madgraph.roma2.infn.it            *
 *        --------------------------------           *
 *                                                   *
 *          PARAMETER AND COUPLING VALUES            *
 *                                                   *
 *****************************************************

  External Params
  ---------------------------------
  
 aEWM1 =    132.50700000000001     
 mdl_Gf =    1.1663900000000000E-005
 aS =   0.11799999999999999     
 mdl_ymb =    4.2000000000000002     
 mdl_ymt =    164.50000000000000     
 mdl_ymtau =    1.7769999999999999     
 mdl_MT =    173.00000000000000     
 mdl_MB =   0.10000000000000001     
 mdl_MZ =    91.188000000000002     
 mdl_MH =    125.00000000000000     
 mdl_MTA =    1.7769999999999999     
 mdl_MP =    125.00010000000000     
 mdl_WT =    1.4915000000000000     
 mdl_WZ =    2.4414039999999999     
 mdl_WW =    2.0476000000000001     
 mdl_WH =    6.3823389999999999E-003
 mdl_WH1 =    6.3823389999999999E-003
  Internal Params
  ---------------------------------
  
 mdl_conjg__CKM3x3 =    1.0000000000000000     
 mdl_complexi =  (  0.0000000000000000     ,  1.0000000000000000     )
 mdl_MZ__exp__2 =    8315.2513440000002     
 mdl_MZ__exp__4 =    69143404.913893804     
 mdl_sqrt__2 =    1.4142135623730951     
 mdl_MH__exp__4 =    244140625.00000000     
 mdl_MT__exp__4 =    895745041.00000000     
 mdl_MH__exp__2 =    15625.000000000000     
 mdl_MT__exp__2 =    29929.000000000000     
 mdl_MH__exp__12 =    1.4551915228366852E+025
 mdl_MH__exp__10 =    9.3132257461547853E+020
 mdl_MH__exp__8 =    59604644775390624.     
 mdl_MH__exp__6 =    3814697265625.0000     
 mdl_MT__exp__6 =    26808753332089.000     
 mdl_aEW =    7.5467711139788835E-003
 mdl_MW =    80.419002445756163     
 mdl_sqrt__aEW =    8.6872153846781555E-002
 mdl_ee =   0.30795376724436879     
 mdl_MW__exp__2 =    6467.2159543705357     
 mdl_sw2 =   0.22224648578577766     
 mdl_cw =   0.88190334743339216     
 mdl_sqrt__sw2 =   0.47143025548407230     
 mdl_sw =   0.47143025548407230     
 mdl_g1 =   0.34919219678733299     
 mdl_gw =   0.65323293034757990     
 mdl_v =    246.21845810181637     
 mdl_ee__exp__2 =    9.4835522759998875E-002
 mdl_MW__exp__12 =    7.3165135181362573E+022
 mdl_MW__exp__10 =    1.1313235200058173E+019
 mdl_MW__exp__8 =    1749320771082757.2     
 mdl_MW__exp__6 =    270490545456.51419     
 mdl_MW__exp__4 =    41824882.200464800     
 mdl_AH =    3.1606819475643554E-005
 mdl_v__exp__2 =    60623.529110035903     
 mdl_lam =   0.12886910601690263     
 mdl_yb =    2.4123686777011714E-002
 mdl_yt =   0.94484439876629200     
 mdl_ytau =    1.0206617000654717E-002
 mdl_muH =    88.388347648318430     
 mdl_gw__exp__2 =   0.42671326129048615     
 mdl_cw__exp__2 =   0.77775351421422245     
 mdl_sw__exp__2 =   0.22224648578577769     
  Internal Params evaluated point by point
  ----------------------------------------
  
 mdl_sqrt__aS =   0.34351128074635334     
 mdl_G__exp__2 =    1.4828317324943823     
 mdl_GH =   -5.2486599934244080E-005
 mdl_Gphi =   -7.9843646768522597E-005
  Couplings of heft
  ---------------------------------
  
        GC_10 =  -0.12177E+01   0.00000E+00
        GC_11 =   0.00000E+00   0.12177E+01
        GC_13 =   0.00000E+00   0.52487E-04
        GC_14 =   0.63914E-04   0.00000E+00
        GC_74 =  -0.00000E+00  -0.17058E-01

 Collider parameters:
 --------------------

 Running at P P   machine @    13000.000000000000       GeV
 PDF set = nn23lo1
 alpha_s(Mz)= 0.1300 running at 2 loops.
 alpha_s(Mz)= 0.1300 running at 2 loops.
 Renormalization scale set on event-by-event basis
 Factorization   scale set on event-by-event basis


 getting user params
Enter number of events and max and min iterations: 
 Number of events and iterations         1000           5           3
Enter desired fractional accuracy: 
 Desired fractional accuracy:   0.10000000000000001     
Enter 0 for fixed, 2 for adjustable grid: 
Suppress amplitude (0 no, 1 yes)? 
 Using suppressed amplitude.
Exact helicity sum (0 yes, n = number/event)? 
 Explicitly summing over helicities
Enter Configuration Number: 
Running Configuration Number:    2
 Not subdividing B.W.
 Attempting mappinvarients           1           5
 Completed mapping           5
 about to integrate            7        1000           5           3           7           1
 Using non-zero grid deformation.
  7 dimensions   1000 events  7 invarients  5 iterations  1 config(s),  (0.99)
 Using h-tuple random number sequence.
 Error opening grid
 Using Uniform Grid!          20
 Using uniform alpha   1.0000000000000000     
 Grid defined OK
 Set CM energy to      13000.00
 Mapping Graph           2  to config           2
 Setting BW          -1           1   125.00000000000000     
Setting grid   2    0.13314E-05   1
 Transforming s_hat 1/s            6   1.1581777125092606E-004   225.00000000000000        168999999.99999997     
   2   1   2   3   4   5   6   7
 Masses: 0.000E+00 0.000E+00 0.100E+00 0.100E+00 0.000E+00
Using random seed offsets     2 :      1
  with seed                   24
 Ranmar initialization seeds       31060        9398
 
 ********************************************
 * You are using the DiscreteSampler module *
 *      part of the MG5_aMC framework       *
 *         Author: Valentin Hirschi         *
 ********************************************
 
  Particle       3       4       5
      Et >     0.0     0.0    15.0
       E >     0.0     0.0     0.0
     Eta <    -1.0    -1.0     5.0
   xqcut:      0.0     0.0     0.0
d R # 3  >    -0.0     0.0     0.0
d R # 4  >    -0.0    -0.0     0.0
s min # 3>     0.0     0.0     0.0
s min # 4>     0.0     0.0     0.0
xqcutij # 3>     0.0     0.0     0.0
xqcutij # 4>     0.0     0.0     0.0
 No cut BW           -1           1
 alpha_s for scale    189.32189794381895       is   0.11590743411599715     
 Added good helicity            1   2.3819240778461160E-006  in event            1 local:           1
 Added good helicity            3   5.1308069676851664       in event            1 local:           1
 Added good helicity            4   4.4239460224914718E-005  in event            1 local:           1
 Added good helicity            5   5.1308069676851655       in event            1 local:           1
 Added good helicity            6   4.4239460224914840E-005  in event            1 local:           1
 Added good helicity            7   2.3819240778461165E-006  in event            1 local:           1
 Added good helicity           10   1.3318680137305780E-006  in event            1 local:           1
 Added good helicity           11   2.2169534188458507E-004  in event            1 local:           1
 Added good helicity           12   2.8689233835971719       in event            1 local:           1
 Added good helicity           13   2.2169534188458664E-004  in event            1 local:           1
 Added good helicity           14   2.8689233835971728       in event            1 local:           1
 Added good helicity           16   1.3318680137305793E-006  in event            1 local:           1
 Added good helicity           17   1.3318680137305780E-006  in event            1 local:           1
 Added good helicity           19   2.8689233835971750       in event            1 local:           1
 Added good helicity           20   2.2169534188458398E-004  in event            1 local:           1
 Added good helicity           21   2.8689233835971746       in event            1 local:           1
 Added good helicity           22   2.2169534188458620E-004  in event            1 local:           1
 Added good helicity           23   1.3318680137305793E-006  in event            1 local:           1
 Added good helicity           26   2.3819240778461156E-006  in event            1 local:           1
 Added good helicity           27   4.4239460224914603E-005  in event            1 local:           1
 Added good helicity           28   5.1308069676851700       in event            1 local:           1
 Added good helicity           29   4.4239460224914935E-005  in event            1 local:           1
 Added good helicity           30   5.1308069676851682       in event            1 local:           1
 Added good helicity           32   2.3819240778461173E-006  in event            1 local:           1
 RESET CUMULATIVE VARIABLE
 RESET CUMULATIVE VARIABLE
 Iteration  1   Mean: 0.4447E+01 Abs mean: 0.4447E+01   Fluctuation:  0.158E+00   0.194E+02    64.0%
  1    0.4447E+01 0.4447E+01 +- 0.1581E+00      1.12
 Writing out events   1.3893971085411386E-003   1.1237770131729752     
 Relative summed weights:
  0.1000E+01  0.0000E+00
 Relative number of events:
  0.1000E+01  0.0000E+00
 Events:
        1015           0
 Iteration  2   Mean: 0.4408E+01 Abs mean: 0.4408E+01   Fluctuation:  0.819E-01   0.138E+02    73.9%
  2    0.4408E+01 0.4408E+01 +- 0.8190E-01      0.83
 Relative summed weights:
  0.1000E+01  0.0000E+00
 Relative number of events:
  0.1000E+01  0.0000E+00
 Events:
        2000           0
 Iteration  3   Mean: 0.4590E+01 Abs mean: 0.4590E+01   Fluctuation:  0.523E-01   0.213E+02    77.6%
  3    0.4590E+01 0.4590E+01 +- 0.5225E-01      0.72
 Relative summed weights:
  0.1000E+01  0.0000E+00
 Relative number of events:
  0.1000E+01  0.0000E+00
 Events:
        4000           0
 Accuracy:    0.013   0.100   0.009   1.841
 Finished due to accuracy    1.2706343346882682E-002  0.10000000000000001     

 -------------------------------------------------------------------------------
 Accumulated results:   Integral =  0.4534E+01
                        Std dev  =  0.4245E-01
                       Cross sec =  0.4534E+01
             Chi**2 per DoF.     =      1.8411
 -------------------------------------------------------------------------------
 Found          505  events.
 Wrote          502  events.
 Actual xsec    4.5336801073863313     
 Correct abs xsec    4.5336801073863313     
 Event xsec    4.5336801073863695     
 Events wgts > 1:            0
 % Cross section > 1:    0.0000000000000000        0.0000000000000000     
-------------------------------------------------
---------------------------
 Results Last   3 iters: Integral =   0.4534E+01
                     Abs integral =   0.4534E+01
                          Std dev =   0.4245E-01
                  Chi**2 per DoF. =      1.8966
-------------------------------------------------
---------------------------
 Status  0.10000000000000001                4           5

ls status:
events.lhe
ftn26
input_app.txt
results.dat
run1_app.log
